<?xml version="1.0" encoding="UTF-8"?>
<testsuite xmlns:xsi="http://www.w3.org/2001/XMLSchema-instance" xsi:noNamespaceSchemaLocation="https://maven.apache.org/surefire/maven-surefire-plugin/xsd/surefire-test-report.xsd" name="ar.utn.frbb.tup.AppTest" time="0.023" tests="5" errors="0" skipped="0" failures="0">
  <properties>
[...]
</properties>
  <testcase name="shouldAnswerWithTrue" classname="ar.utn.frbb.tup.AppTest" time="0.013"/>
  <testcase name="testAssertEquals" classname="ar.utn.frbb.tup.AppTest" time="0.001"/>
  <testcase name="testAssertThrows" classname="ar.utn.frbb.tup.AppTest" time="0"/>
  <testcase name="testAssertNull" classname="ar.utn.frbb.tup.AppTest" time="0.001"/>
  <testcase name="testAssertIterableEquals" classname="ar.utn.frbb.tup.AppTest" time="0.001"/>
</testsuite>